WARNING: No password defined for JGroups cluster. AUTH protocol will be disabled. Please define JGROUPS_CLUSTER_PASSWORD.
WARNING: Environment variable OPENSHIFT_KUBE_PING_NAMESPACE undefined. Clustering will be unavailable. Please refer to the documentation for configuration.
INFO: Configuring JGroups discovery protocol to openshift.KUBE_PING
Using PicketBox SSL configuration.
Missing SSO_URL. Unable to properly configure SSO-enabled applications
Access log is disabled, ignoring configuration.
Running jboss-eap-7/eap70-openshift image, version 1.7
-XX:+UseParallelGC -XX:MinHeapFreeRatio=20 -XX:MaxHeapFreeRatio=40 -XX:GCTimeRatio=4 -XX:AdaptiveSizePolicyWeight=90 -XX:MaxMetaspaceSize=100m -XX:+ExitOnOutOfMemoryError
=========================================================================
  JBoss Bootstrap Environment
  JBOSS_HOME: /opt/eap
  JAVA: /usr/lib/jvm/java-1.8.0/bin/java
  JAVA_OPTS:  -server -verbose:gc -Xloggc:"/opt/eap/standalone/log/gc.log" -XX:+PrintGCDetails -XX:+PrintGCDateStamps -XX:+UseGCLogFileRotation -XX:NumberOfGCLogFiles=5 -XX:GCLogFileSize=3M -XX:-TraceClassUnloading -Xms1303m -Xmx1303m -XX:MetaspaceSize=96M -XX:MaxMetaspaceSize=256m -Djava.net.preferIPv4Stack=true -Djboss.modules.system.pkgs=org.jboss.logmanager,jdk.nashorn.api -Djava.awt.headless=true -XX:+UseParallelGC -XX:MinHeapFreeRatio=20 -XX:MaxHeapFreeRatio=40 -XX:GCTimeRatio=4 -XX:AdaptiveSizePolicyWeight=90 -XX:+ExitOnOutOfMemoryError -Djava.security.egd=file:/dev/./urandom  -javaagent:/opt/jolokia/jolokia.jar=config=/opt/jolokia/etc/jolokia.properties -Xbootclasspath/p:/opt/eap/jboss-modules.jar:/opt/eap/modules/system/layers/base/.overlays/layer-base-jboss-eap-7.0.9.CP/org/jboss/logmanager/main/jboss-logmanager-2.0.7.Final-redhat-1.jar:/opt/eap/modules/system/layers/base/org/jboss/logmanager/ext/main/javax.json-1.0.4.jar:/opt/eap/modules/system/layers/base/org/jboss/logmanager/ext/main/jboss-logmanager-ext-1.0.0.Alpha2-redhat-1.jar -Djava.util.logging.manager=org.jboss.logmanager.LogManager
=========================================================================
14:01:34,064 INFO  [org.jboss.modules] (main) JBoss Modules version 1.5.4.Final-redhat-1
14:01:34,792 INFO  [org.jboss.msc] (main) JBoss MSC version 1.2.7.SP1-redhat-1
14:01:34,803 INFO  [stdout] (JolokiaStart) I> No access restrictor found, access to any MBean is allowed
14:01:34,807 INFO  [stdout] (JolokiaStart) Jolokia: Agent started with URL https://10.1.36.77:8778/jolokia/
14:01:34,909 INFO  [org.jboss.as] (MSC service thread 1-8) WFLYSRV0049: JBoss EAP 7.0.9.GA (WildFly Core 2.1.20.Final-redhat-1) starting
14:01:34,910 DEBUG [org.jboss.as.config] (MSC service thread 1-8) Configured system properties:
	[Standalone] = 
	awt.toolkit = sun.awt.X11.XToolkit
	file.encoding = ANSI_X3.4-1968
	file.encoding.pkg = sun.io
	file.separator = /
	java.awt.graphicsenv = sun.awt.X11GraphicsEnvironment
	java.awt.headless = true
	java.awt.printerjob = sun.print.PSPrinterJob
	java.class.path = /opt/eap/jboss-modules.jar:/opt/jolokia/jolokia.jar
	java.class.version = 52.0
	java.endorsed.dirs = /usr/lib/jvm/java-1.8.0-openjdk-1.8.0.161-0.b14.el7_4.x86_64/jre/lib/endorsed
	java.ext.dirs = /usr/lib/jvm/java-1.8.0-openjdk-1.8.0.161-0.b14.el7_4.x86_64/jre/lib/ext:/usr/java/packages/lib/ext
	java.home = /usr/lib/jvm/java-1.8.0-openjdk-1.8.0.161-0.b14.el7_4.x86_64/jre
	java.io.tmpdir = /tmp
	java.library.path = /usr/java/packages/lib/amd64:/usr/lib64:/lib64:/lib:/usr/lib
	java.net.preferIPv4Stack = true
	java.runtime.name = OpenJDK Runtime Environment
	java.runtime.version = 1.8.0_161-b14
	java.security.egd = file:/dev/./urandom
	java.specification.name = Java Platform API Specification
	java.specification.vendor = Oracle Corporation
	java.specification.version = 1.8
	java.util.logging.manager = org.jboss.logmanager.LogManager
	java.vendor = Oracle Corporation
	java.vendor.url = http://java.oracle.com/
	java.vendor.url.bug = http://bugreport.sun.com/bugreport/
	java.version = 1.8.0_161
	java.vm.info = mixed mode
	java.vm.name = OpenJDK 64-Bit Server VM
	java.vm.specification.name = Java Virtual Machine Specification
	java.vm.specification.vendor = Oracle Corporation
	java.vm.specification.version = 1.8
	java.vm.vendor = Oracle Corporation
	java.vm.version = 25.161-b14
	javax.management.builder.initial = org.jboss.as.jmx.PluggableMBeanServerBuilder
	javax.xml.datatype.DatatypeFactory = __redirected.__DatatypeFactory
	javax.xml.parsers.DocumentBuilderFactory = __redirected.__DocumentBuilderFactory
	javax.xml.parsers.SAXParserFactory = __redirected.__SAXParserFactory
	javax.xml.stream.XMLEventFactory = __redirected.__XMLEventFactory
	javax.xml.stream.XMLInputFactory = __redirected.__XMLInputFactory
	javax.xml.stream.XMLOutputFactory = __redirected.__XMLOutputFactory
	javax.xml.transform.TransformerFactory = __redirected.__TransformerFactory
	javax.xml.validation.SchemaFactory:http://www.w3.org/2001/XMLSchema = __redirected.__SchemaFactory
	javax.xml.xpath.XPathFactory:http://java.sun.com/jaxp/xpath/dom = __redirected.__XPathFactory
	jboss.bind.address = 10.1.36.77
	jboss.bind.address.management = 127.0.0.1
	jboss.bind.address.private = 10.1.36.77
	jboss.home.dir = /opt/eap
	jboss.host.name = so-challenge-22-f2f24
	jboss.messaging.cluster.password = <redacted>
	jboss.modules.dir = /opt/eap/modules
	jboss.modules.system.pkgs = org.jboss.logmanager,jdk.nashorn.api
	jboss.node.name = so-challenge-22-f2f24
	jboss.qualified.host.name = so-challenge-22-f2f24
	jboss.server.base.dir = /opt/eap/standalone
	jboss.server.config.dir = /opt/eap/standalone/configuration
	jboss.server.data.dir = /opt/eap/standalone/data
	jboss.server.deploy.dir = /opt/eap/standalone/data/content
	jboss.server.log.dir = /opt/eap/standalone/log
	jboss.server.name = so-challenge-22-f2f24
	jboss.server.persist.config = true
	jboss.server.temp.dir = /opt/eap/standalone/tmp
	jolokia.agent = https://10.1.36.77:8778/jolokia/
	line.separator = 
	logging.configuration = file:/opt/eap/standalone/configuration/logging.properties
	module.path = /opt/eap/modules
	org.jboss.boot.log.file = /opt/eap/standalone/log/server.log
	org.jboss.resolver.warning = true
	org.xml.sax.driver = __redirected.__XMLReaderFactory
	os.arch = amd64
	os.name = Linux
	os.version = 3.10.0-957.12.2.el7.x86_64
	path.separator = :
	sun.arch.data.model = 64
	sun.boot.class.path = /opt/eap/jboss-modules.jar:/opt/eap/modules/system/layers/base/.overlays/layer-base-jboss-eap-7.0.9.CP/org/jboss/logmanager/main/jboss-logmanager-2.0.7.Final-redhat-1.jar:/opt/eap/modules/system/layers/base/org/jboss/logmanager/ext/main/javax.json-1.0.4.jar:/opt/eap/modules/system/layers/base/org/jboss/logmanager/ext/main/jboss-logmanager-ext-1.0.0.Alpha2-redhat-1.jar:/usr/lib/jvm/java-1.8.0-openjdk-1.8.0.161-0.b14.el7_4.x86_64/jre/lib/resources.jar:/usr/lib/jvm/java-1.8.0-openjdk-1.8.0.161-0.b14.el7_4.x86_64/jre/lib/rt.jar:/usr/lib/jvm/java-1.8.0-openjdk-1.8.0.161-0.b14.el7_4.x86_64/jre/lib/sunrsasign.jar:/usr/lib/jvm/java-1.8.0-openjdk-1.8.0.161-0.b14.el7_4.x86_64/jre/lib/jsse.jar:/usr/lib/jvm/java-1.8.0-openjdk-1.8.0.161-0.b14.el7_4.x86_64/jre/lib/jce.jar:/usr/lib/jvm/java-1.8.0-openjdk-1.8.0.161-0.b14.el7_4.x86_64/jre/lib/charsets.jar:/usr/lib/jvm/java-1.8.0-openjdk-1.8.0.161-0.b14.el7_4.x86_64/jre/lib/jfr.jar:/usr/lib/jvm/java-1.8.0-openjdk-1.8.0.161-0.b14.el7_4.x86_64/jre/classes
	sun.boot.library.path = /usr/lib/jvm/java-1.8.0-openjdk-1.8.0.161-0.b14.el7_4.x86_64/jre/lib/amd64
	sun.cpu.endian = little
	sun.cpu.isalist = 
	sun.io.unicode.encoding = UnicodeLittle
	sun.java.command = /opt/eap/jboss-modules.jar -mp /opt/eap/modules org.jboss.as.standalone -Djboss.home.dir=/opt/eap -Djboss.server.base.dir=/opt/eap/standalone -c standalone-openshift.xml -bmanagement 127.0.0.1 -b 10.1.36.77 -bprivate 10.1.36.77 -Djboss.node.name=so-challenge-22-f2f24 -Djboss.messaging.cluster.password=HORNETQ_CLUSTER_PASSWORD
	sun.java.launcher = SUN_STANDARD
	sun.jnu.encoding = ANSI_X3.4-1968
	sun.management.compiler = HotSpot 64-Bit Tiered Compilers
	sun.os.patch.level = unknown
	user.country = US
	user.dir = /home/jboss
	user.home = /home/jboss
	user.language = en
	user.name = jboss
	user.timezone = UTC
14:01:34,910 DEBUG [org.jboss.as.config] (MSC service thread 1-8) VM Arguments: -D[Standalone] -verbose:gc -Xloggc:/opt/eap/standalone/log/gc.log -XX:+PrintGCDetails -XX:+PrintGCDateStamps -XX:+UseGCLogFileRotation -XX:NumberOfGCLogFiles=5 -XX:GCLogFileSize=3M -XX:-TraceClassUnloading -Xms1303m -Xmx1303m -XX:MetaspaceSize=96M -XX:MaxMetaspaceSize=256m -Djava.net.preferIPv4Stack=true -Djboss.modules.system.pkgs=org.jboss.logmanager,jdk.nashorn.api -Djava.awt.headless=true -XX:+UseParallelGC -XX:MinHeapFreeRatio=20 -XX:MaxHeapFreeRatio=40 -XX:GCTimeRatio=4 -XX:AdaptiveSizePolicyWeight=90 -XX:+ExitOnOutOfMemoryError -Djava.security.egd=file:/dev/./urandom -javaagent:/opt/jolokia/jolokia.jar=config=/opt/jolokia/etc/jolokia.properties -Xbootclasspath/p:/opt/eap/jboss-modules.jar:/opt/eap/modules/system/layers/base/.overlays/layer-base-jboss-eap-7.0.9.CP/org/jboss/logmanager/main/jboss-logmanager-2.0.7.Final-redhat-1.jar:/opt/eap/modules/system/layers/base/org/jboss/logmanager/ext/main/javax.json-1.0.4.jar:/opt/eap/modules/system/layers/base/org/jboss/logmanager/ext/main/jboss-logmanager-ext-1.0.0.Alpha2-redhat-1.jar -Djava.util.logging.manager=org.jboss.logmanager.LogManager -Dorg.jboss.boot.log.file=/opt/eap/standalone/log/server.log -Dlogging.configuration=file:/opt/eap/standalone/configuration/logging.properties 
14:01:36,942 ERROR [org.jboss.as.server] (Controller Boot Thread) WFLYSRV0055: Caught exception during boot: org.jboss.as.controller.persistence.ConfigurationPersistenceException: WFLYCTL0085: Failed to parse configuration
	at org.jboss.as.controller.persistence.XmlConfigurationPersister.load(XmlConfigurationPersister.java:131) [wildfly-controller-2.1.20.Final-redhat-1.jar:2.1.20.Final-redhat-1]
	at org.jboss.as.server.ServerService.boot(ServerService.java:362) [wildfly-server-2.1.20.Final-redhat-1.jar:2.1.20.Final-redhat-1]
	at org.jboss.as.controller.AbstractControllerService$1.run(AbstractControllerService.java:301) [wildfly-controller-2.1.20.Final-redhat-1.jar:2.1.20.Final-redhat-1]
	at java.lang.Thread.run(Thread.java:748) [rt.jar:1.8.0_161]
Caused by: javax.xml.stream.XMLStreamException: WFLYCTL0083: Failed to load module org.wildfly.extension.clustering.web
	at org.jboss.as.controller.parsing.ExtensionXml.parseExtensions(ExtensionXml.java:155) [wildfly-controller-2.1.20.Final-redhat-1.jar:2.1.20.Final-redhat-1]
	at org.jboss.as.server.parsing.StandaloneXml$DefaultExtensionHandler.parseExtensions(StandaloneXml.java:126) [wildfly-server-2.1.20.Final-redhat-1.jar:2.1.20.Final-redhat-1]
	at org.jboss.as.server.parsing.StandaloneXml_4.readServerElement(StandaloneXml_4.java:218) [wildfly-server-2.1.20.Final-redhat-1.jar:2.1.20.Final-redhat-1]
	at org.jboss.as.server.parsing.StandaloneXml_4.readElement(StandaloneXml_4.java:141) [wildfly-server-2.1.20.Final-redhat-1.jar:2.1.20.Final-redhat-1]
	at org.jboss.as.server.parsing.StandaloneXml.readElement(StandaloneXml.java:103) [wildfly-server-2.1.20.Final-redhat-1.jar:2.1.20.Final-redhat-1]
	at org.jboss.as.server.parsing.StandaloneXml.readElement(StandaloneXml.java:49) [wildfly-server-2.1.20.Final-redhat-1.jar:2.1.20.Final-redhat-1]
	at org.jboss.staxmapper.XMLMapperImpl.processNested(XMLMapperImpl.java:110) [staxmapper-1.2.0.Final-redhat-1.jar:1.2.0.Final-redhat-1]
	at org.jboss.staxmapper.XMLMapperImpl.parseDocument(XMLMapperImpl.java:69) [staxmapper-1.2.0.Final-redhat-1.jar:1.2.0.Final-redhat-1]
	at org.jboss.as.controller.persistence.XmlConfigurationPersister.load(XmlConfigurationPersister.java:123) [wildfly-controller-2.1.20.Final-redhat-1.jar:2.1.20.Final-redhat-1]
	... 3 more
Caused by: java.util.concurrent.ExecutionException: javax.xml.stream.XMLStreamException: WFLYCTL0083: Failed to load module
	at java.util.concurrent.FutureTask.report(FutureTask.java:122) [rt.jar:1.8.0_161]
	at java.util.concurrent.FutureTask.get(FutureTask.java:192) [rt.jar:1.8.0_161]
	at org.jboss.as.controller.parsing.ExtensionXml.parseExtensions(ExtensionXml.java:147) [wildfly-controller-2.1.20.Final-redhat-1.jar:2.1.20.Final-redhat-1]
	... 11 more
Caused by: javax.xml.stream.XMLStreamException: WFLYCTL0083: Failed to load module
	at org.jboss.as.controller.parsing.ExtensionXml.loadModule(ExtensionXml.java:196) [wildfly-controller-2.1.20.Final-redhat-1.jar:2.1.20.Final-redhat-1]
	at org.jboss.as.controller.parsing.ExtensionXml.access$000(ExtensionXml.java:69) [wildfly-controller-2.1.20.Final-redhat-1.jar:2.1.20.Final-redhat-1]
	at org.jboss.as.controller.parsing.ExtensionXml$1.call(ExtensionXml.java:127) [wildfly-controller-2.1.20.Final-redhat-1.jar:2.1.20.Final-redhat-1]
	at org.jboss.as.controller.parsing.ExtensionXml$1.call(ExtensionXml.java:124) [wildfly-controller-2.1.20.Final-redhat-1.jar:2.1.20.Final-redhat-1]
	at java.util.concurrent.FutureTask.run(FutureTask.java:266) [rt.jar:1.8.0_161]
	at java.util.concurrent.ThreadPoolExecutor.runWorker(ThreadPoolExecutor.java:1149) [rt.jar:1.8.0_161]
	at java.util.concurrent.ThreadPoolExecutor$Worker.run(ThreadPoolExecutor.java:624) [rt.jar:1.8.0_161]
	at java.lang.Thread.run(Thread.java:748) [rt.jar:1.8.0_161]
	at org.jboss.threads.JBossThread.run(JBossThread.java:320) [jboss-threads-2.2.1.Final-redhat-1.jar:2.2.1.Final-redhat-1]
Caused by: org.jboss.modules.ModuleNotFoundException: org.wildfly.extension.clustering.web:main
	at org.jboss.modules.ModuleLoader.loadModule(ModuleLoader.java:224) [jboss-modules.jar:1.5.4.Final-redhat-1]
	at org.jboss.as.controller.parsing.ExtensionXml.loadModule(ExtensionXml.java:178) [wildfly-controller-2.1.20.Final-redhat-1.jar:2.1.20.Final-redhat-1]
	... 8 more
14:01:36,953 FATAL [org.jboss.as.server] (Controller Boot Thread) WFLYSRV0056: Server boot has failed in an unrecoverable manner; exiting. See previous messages for details.
14:01:36,997 INFO  [org.jboss.as] (MSC service thread 1-2) WFLYSRV0050: JBoss EAP 7.0.9.GA (WildFly Core 2.1.20.Final-redhat-1) stopped in 24ms
